.begin 1
.V 1 7 9
.V 5 7 9
.V 7 0 7
.V 9 0 4
.H 7 4 9
.H 1 7 7
.end
.begin 2
.V 2 6 9
.V 8 0 6
.H 2 6 8
.end
.begin 3
.V 1 0 2
.V 3 0 2
.V 8 7 9
.V 13 2 7
.H 1 2 13
.H 8 7 13
.end
.begin 4
.V 0 0 1
.V 5 0 1
.V 9 6 9
.V 12 1 6
.H 0 1 12
.H 9 6 12
.end
.begin 5
.V 2 0 5
.V 3 3 9
.V 4 0 3
.V 11 5 9
.V 14 3 5
.H 2 3 14
.H 2 5 3
.H 11 5 14
.end
.begin 6
.V 6 5 9
.V 10 0 5
.H 6 5 10
.end
.begin 7
.V 4 5 9
.V 5 4 5
.V 6 0 4
.H 5 4 6
.H 4 5 5
.end
.begin 9
.V 0 8 9
.V 7 8 9
.V 11 0 4
.V 15 4 8
.H 11 4 15
.H 0 8 15
.end
