.begin 1
.V 2 0 13
.V 9 11 13
.V 22 11 13
.H 2 11 22
.end
.begin 2
.V 0 12 13
.V 3 5 12
.V 12 0 5
.V 20 5 13
.V 23 2 5
.V 25 0 2
.H 23 2 25
.H 3 5 23
.H 0 12 3
.end
.begin 3
.V 11 0 2
.V 14 10 13
.V 17 0 10
.V 23 10 13
.H 11 2 17
.H 14 10 23
.end
.begin 4
.V 3 0 4
.V 4 8 13
.V 8 4 8
.V 13 0 4
.V 18 0 8
.V 23 8 9
.V 25 9 11
.V 27 11 13
.H 3 4 18
.H 4 8 8
.H 18 8 23
.H 23 9 25
.H 25 11 27
.end
.begin 5
.V 4 0 6
.V 7 6 13
.V 11 6 13
.V 16 0 6
.V 24 0 6
.V 27 0 3
.H 24 3 27
.H 4 6 24
.end
.begin 6
.V 5 12 13
.V 15 12 13
.V 19 0 2
.V 20 2 4
.V 21 4 7
.V 24 7 13
.V 25 12 13
.H 19 2 20
.H 20 4 21
.H 21 7 24
.H 5 12 25
.end
.begin 8
.V 0 0 1
.V 6 1 13
.V 7 0 1
.V 13 7 13
.V 15 1 7
.V 21 0 1
.H 0 1 21
.H 13 7 15
.end
.begin 10
.V 1 3 13
.V 8 0 3
.V 10 0 3
.V 19 3 13
.H 1 3 19
.end
.begin 11
.V 5 0 9
.V 8 9 13
.V 14 0 9
.V 18 9 13
.H 5 9 18
.end
.begin 12
.V 1 0 2
.V 9 0 8
.V 10 8 13
.V 16 8 13
.H 1 2 9
.H 9 8 16
.end
.begin 14
.V 21 9 13
.V 22 0 9
.H 21 9 22
.end
.begin 20
.V 23 0 1
.V 26 0 13
.H 23 1 26
.end
