.begin 1
.V 20 13 22
.V 25 10 13
.V 39 0 10
.V 47 10 22
.V 49 18 22
.V 56 21 22
.V 94 21 22
.H 25 10 47
.H 20 13 25
.H 47 18 49
.H 49 21 94
.end
.begin 2
.V 0 21 22
.V 36 8 21
.V 47 4 8
.V 49 0 4
.V 51 0 4
.H 47 4 51
.H 36 8 47
.H 0 21 36
.end
.begin 3
.V 0 0 20
.V 7 20 22
.V 28 20 22
.V 40 6 22
.V 42 4 6
.V 43 0 4
.V 45 0 18
.V 46 18 19
.V 56 19 20
.V 62 20 22
.H 42 4 45
.H 40 6 42
.H 45 18 46
.H 46 19 56
.H 0 20 40
.H 56 20 62
.end
.begin 4
.V 1 2 22
.V 12 0 2
.H 1 2 12
.end
.begin 5
.V 1 0 1
.V 4 0 18
.V 10 18 22
.V 13 18 22
.V 28 18 19
.V 45 19 22
.V 48 21 22
.H 1 1 4
.H 4 18 28
.H 28 19 45
.H 45 21 48
.end
.begin 6
.V 2 4 22
.V 12 3 4
.V 15 0 3
.V 20 0 3
.V 31 0 2
.V 57 0 14
.V 68 14 22
.V 74 14 22
.V 76 0 14
.V 111 7 22
.V 119 0 7
.V 120 0 22
.H 20 2 57
.H 12 3 20
.H 2 4 12
.H 76 7 120
.H 57 14 76
.end
.begin 7
.V 2 0 3
.V 8 0 3
.V 11 0 10
.V 16 10 22
.H 2 3 11
.H 11 10 16
.end
.begin 8
.V 3 6 22
.V 12 5 6
.V 14 0 5
.V 19 0 2
.V 30 0 1
.V 58 0 1
.V 63 20 22
.V 71 0 4
.V 79 4 22
.V 102 2 22
.V 110 0 2
.V 125 2 22
.V 129 0 2
.H 19 1 71
.H 14 2 19
.H 102 2 129
.H 71 4 102
.H 12 5 14
.H 3 6 12
.H 63 20 79
.end
.begin 9
.V 3 0 5
.V 5 5 16
.V 8 16 22
.V 41 16 22
.V 48 0 16
.V 50 0 10
.V 55 10 22
.H 3 5 5
.H 48 8 50
.H 50 10 55
.H 5 16 48
.end
.begin 10
.V 4 19 22
.V 27 19 22
.H 4 19 27
.end
.begin 11
.V 5 17 22
.V 12 17 22
.V 21 0 3
.V 29 3 22
.V 31 3 18
.V 33 0 22
.V 35 17 22
.V 39 18 22
.H 21 3 33
.H 5 17 29
.H 33 17 35
.H 29 18 31
.H 35 18 39
.end
.begin 12
.V 5 0 1
.V 9 0 14
.V 17 14 22
.H 5 1 9
.H 9 14 17
.end
.begin 13
.V 6 7 22
.V 13 0 7
.H 6 7 13
.end
.begin 14
.V 6 0 5
.V 10 0 5
.V 14 9 22
.V 15 7 22
.V 16 5 7
.V 18 0 5
.H 10 1 18
.H 6 5 10
.H 16 5 18
.H 15 7 16
.H 14 9 15
.end
.begin 15
.V 7 0 8
.V 14 6 8
.V 15 4 6
.V 16 0 4
.H 15 4 16
.H 14 6 15
.H 7 8 14
.end
.begin 16
.V 9 15 22
.V 26 0 22
.V 28 0 15
.V 37 15 17
.V 42 17 22
.H 26 9 28
.H 9 15 26
.H 28 15 37
.H 37 17 42
.end
.begin 17
.V 11 13 22
.V 18 13 22
.H 11 13 18
.end
.begin 18
.V 17 0 4
.V 25 0 4
.V 27 0 4
.H 17 4 27
.end
.begin 19
.V 19 14 22
.V 56 0 15
.V 67 15 22
.V 75 0 22
.V 110 16 22
.V 114 1 16
.V 118 0 1
.V 121 0 22
.H 75 1 121
.H 19 14 56
.H 56 15 75
.H 110 16 114
.end
.begin 20
.V 21 5 22
.V 30 4 5
.V 38 0 13
.V 50 13 22
.V 57 18 22
.V 93 11 22
.V 96 0 11
.V 105 0 11
.V 107 0 10
.V 119 8 10
.V 122 7 8
.V 129 5 7
.V 134 0 5
.V 143 0 5
.V 152 3 5
.V 154 0 3
.V 165 0 3
.H 152 3 165
.H 30 4 38
.H 21 5 30
.H 129 5 152
.H 122 7 129
.H 119 8 122
.H 105 10 119
.H 93 11 105
.H 38 13 50
.H 50 18 93
.end
.begin 21
.V 22 7 22
.V 23 0 7
.H 22 7 23
.end
.begin 22
.V 22 0 6
.V 34 3 6
.V 42 0 3
.V 44 0 3
.H 34 3 44
.H 22 6 34
.end
.begin 23
.V 23 8 22
.V 24 7 8
.V 36 0 7
.V 52 7 22
.V 54 0 7
.V 55 7 9
.V 58 9 10
.V 59 10 22
.V 77 10 15
.V 91 15 22
.V 94 14 15
.V 109 0 14
.H 24 7 55
.H 23 8 24
.H 55 9 58
.H 58 10 77
.H 94 14 109
.H 77 15 94
.end
.begin 24
.V 24 9 22
.V 25 8 9
.V 35 0 8
.V 49 5 17
.V 53 17 22
.V 60 17 22
.V 90 10 22
.V 98 0 10
.V 103 0 10
.V 124 3 4
.V 132 0 3
.V 141 0 1
.V 145 0 1
.V 152 0 1
.V 163 0 1
.H 132 1 163
.H 124 3 132
.H 103 4 124
.H 35 5 49
.H 25 8 35
.H 24 9 25
.H 90 10 103
.H 49 17 90
.end
.begin 25
.V 30 9 22
.V 37 0 9
.H 30 9 37
.end
.begin 26
.V 32 0 22
.V 34 18 22
.H 32 18 34
.end
.begin 27
.V 37 21 22
.V 44 17 22
.V 46 3 17
.V 60 0 13
.V 70 13 22
.V 83 10 13
.V 85 0 10
.H 46 3 60
.H 83 10 85
.H 60 13 83
.H 44 17 46
.H 37 21 44
.end
.begin 28
.V 38 15 22
.V 53 15 16
.V 66 16 22
.H 38 15 53
.H 53 16 66
.end
.begin 29
.V 40 0 4
.V 41 4 9
.V 53 9 13
.V 58 13 22
.H 40 4 41
.H 41 9 53
.H 53 13 58
.end
.begin 30
.V 43 6 22
.V 59 0 6
.V 64 9 22
.V 66 5 9
.V 72 0 5
.V 78 14 22
.V 80 5 14
.V 103 12 22
.V 110 5 12
.V 111 0 5
.V 124 5 22
.V 128 0 5
.H 59 5 128
.H 43 6 59
.H 64 9 66
.H 103 12 110
.H 78 14 80
.end
.begin 31
.V 46 20 22
.V 54 8 20
.V 58 2 8
.V 66 0 2
.V 70 0 2
.V 80 20 22
.V 81 0 2
.V 83 0 2
.V 88 19 22
.V 89 6 19
.V 90 0 6
.H 58 2 90
.H 89 6 90
.H 54 8 58
.H 88 19 89
.H 46 20 54
.H 80 20 88
.end
.begin 32
.V 51 5 22
.V 52 4 5
.V 53 0 4
.H 52 4 53
.H 51 5 52
.end
.begin 33
.V 55 0 4
.V 70 3 4
.V 80 0 3
.V 82 0 3
.H 70 3 82
.H 55 4 70
.end
.begin 34
.V 61 0 19
.V 76 19 22
.H 61 19 76
.end
.begin 35
.V 62 0 3
.V 68 0 8
.V 71 8 22
.V 83 3 8
.V 86 0 3
.H 62 3 68
.H 83 3 86
.H 68 8 83
.end
.begin 36
.V 63 0 6
.V 84 6 22
.V 87 0 6
.H 63 6 87
.end
.begin 37
.V 64 0 7
.V 73 0 7
.H 64 7 73
.end
.begin 38
.V 65 11 22
.V 69 0 11
.H 65 11 69
.end
.begin 39
.V 65 0 8
.V 67 0 9
.V 70 9 11
.V 82 11 22
.V 91 0 11
.V 98 20 22
.V 99 2 20
.V 100 12 22
.V 101 0 12
.H 91 2 101
.H 65 8 67
.H 67 9 70
.H 70 11 91
.H 100 12 101
.H 98 20 99
.end
.begin 40
.V 69 16 22
.V 94 16 20
.V 96 20 21
.V 97 21 22
.V 99 21 22
.H 69 16 94
.H 94 20 96
.H 96 21 99
.end
.begin 41
.V 72 9 22
.V 74 0 9
.H 72 9 74
.end
.begin 42
.V 73 12 22
.V 98 12 19
.V 101 19 21
.V 114 21 22
.V 116 21 22
.H 73 12 98
.H 98 19 101
.H 101 21 116
.end
.begin 43
.V 77 19 22
.V 81 19 22
.H 77 19 81
.end
.begin 44
.V 77 0 9
.V 129 9 15
.V 135 15 17
.V 146 17 22
.V 148 21 22
.H 77 9 129
.H 129 15 135
.H 135 17 146
.H 146 21 148
.end
.begin 45
.V 78 0 10
.V 81 10 14
.V 92 14 22
.H 78 10 81
.H 81 14 92
.end
.begin 46
.V 83 19 22
.V 85 13 22
.V 92 0 13
.V 128 6 12
.V 145 12 22
.V 147 0 12
.V 147 18 22
.V 151 3 18
.H 147 3 151
.H 92 6 128
.H 128 12 147
.H 85 13 92
.H 147 18 151
.H 83 19 85
.end
.begin 47
.V 86 8 22
.V 93 0 8
.V 100 0 8
.V 113 15 22
.V 115 8 22
.V 118 8 16
.H 86 8 118
.H 113 15 115
.H 115 16 118
.end
.begin 48
.V 87 10 22
.V 88 0 10
.H 87 10 88
.end
.begin 49
.V 89 0 3
.V 109 17 22
.V 117 0 17
.V 122 0 3
.V 122 17 22
.V 131 1 17
.H 122 1 131
.H 89 3 122
.H 109 17 117
.H 122 17 131
.end
.begin 50
.V 94 0 13
.V 104 17 22
.V 105 13 17
.V 112 0 13
.V 123 12 22
.V 127 0 12
.H 112 12 127
.H 94 13 112
.H 104 17 105
.end
.begin 51
.V 95 16 22
.V 104 0 16
.H 95 16 104
.end
.begin 52
.V 95 0 15
.V 106 0 15
.V 108 0 11
.V 122 10 11
.V 126 8 10
.V 132 6 8
.V 135 0 6
.V 142 0 6
.V 155 0 2
.V 166 0 2
.H 142 2 166
.H 132 6 142
.H 126 8 132
.H 122 10 126
.H 106 11 122
.H 95 15 106
.end
.begin 53
.V 97 0 17
.V 101 17 18
.V 105 18 19
.V 118 19 22
.H 97 17 101
.H 101 18 105
.H 105 19 118
.end
.begin 54
.V 105 20 22
.V 117 20 21
.V 129 21 22
.V 131 21 22
.V 144 15 21
.V 148 12 15
.V 160 0 13
.V 167 13 22
.H 148 12 160
.H 160 13 167
.H 144 15 148
.H 105 20 117
.H 117 21 144
.end
.begin 55
.V 108 18 22
.V 130 0 22
.V 134 8 22
.V 136 2 8
.V 140 0 2
.V 141 2 19
.V 151 19 20
.V 152 20 22
.V 154 20 22
.V 156 20 21
.V 170 21 22
.H 130 2 141
.H 134 8 136
.H 108 18 130
.H 141 19 151
.H 151 20 156
.H 156 21 170
.end
.begin 56
.V 113 0 13
.V 119 13 19
.V 132 19 22
.H 113 13 119
.H 119 19 132
.end
.begin 57
.V 116 0 14
.V 150 14 15
.V 152 15 16
.V 153 16 18
.V 159 18 20
.V 165 20 22
.H 116 14 150
.H 150 15 152
.H 152 16 153
.H 153 18 159
.H 159 20 165
.end
.begin 58
.V 119 20 22
.V 149 20 21
.V 153 21 22
.V 155 21 22
.H 119 20 149
.H 149 21 155
.end
.begin 59
.V 123 0 11
.V 126 11 15
.V 128 15 22
.H 123 11 126
.H 126 15 128
.end
.begin 60
.V 126 16 22
.V 132 16 18
.V 142 13 22
.V 152 11 13
.V 155 4 11
.V 158 0 4
.H 155 4 158
.H 152 11 155
.H 142 13 152
.H 126 16 132
.H 132 18 142
.end
.begin 61
.V 126 0 4
.V 154 4 17
.V 160 17 18
.V 171 18 22
.H 126 4 154
.H 154 17 160
.H 160 18 171
.end
.begin 62
.V 127 13 22
.V 132 9 13
.V 148 0 9
.V 159 0 14
.V 166 14 22
.H 132 9 159
.H 127 13 132
.H 159 14 166
.end
.begin 63
.V 133 7 22
.V 139 0 7
.V 143 6 7
.V 149 0 6
.V 161 0 22
.V 163 17 22
.V 170 19 20
.V 172 20 22
.H 143 6 161
.H 133 7 143
.H 161 17 163
.H 163 19 170
.H 170 20 172
.end
.begin 64
.V 133 0 3
.V 146 3 16
.V 147 16 17
.V 152 17 19
.V 157 19 22
.H 133 3 146
.H 146 16 147
.H 147 17 152
.H 152 19 157
.end
.begin 65
.V 135 19 22
.V 136 10 19
.V 153 0 10
.H 136 10 153
.H 135 19 136
.end
.begin 66
.V 137 19 22
.V 139 19 22
.H 137 19 139
.end
.begin 67
.V 137 0 8
.V 167 0 12
.V 168 12 15
.V 169 15 22
.H 137 8 167
.H 167 12 168
.H 168 15 169
.end
.begin 68
.V 138 0 22
.V 140 11 22
.V 143 11 22
.V 150 0 11
.V 156 7 16
.V 164 16 17
.V 172 17 19
.V 173 19 22
.H 150 7 156
.H 138 11 150
.H 156 16 164
.H 164 17 172
.H 172 19 173
.end
.begin 69
.V 144 0 7
.V 149 7 16
.V 150 16 22
.H 144 7 149
.H 149 16 150
.end
.begin 70
.V 157 0 15
.V 165 15 16
.V 168 16 22
.H 157 15 165
.H 165 16 168
.end
.begin 71
.V 158 5 22
.V 162 4 5
.V 164 0 4
.H 162 4 164
.H 158 5 162
.end
.begin 72
.V 160 19 22
.V 162 19 22
.H 160 19 162
.end
