649853
88622
1211084
1169 1036
298
bk1 259 0 595 133
bk10a 616 266 994 385
bk10b 742 385 903 525
bk10c 700 217 819 266
bk11 0 602 175 721
bk12 0 0 140 406
bk13 672 896 1169 1036
bk14a 0 406 119 602
bk14b 553 742 672 1036
bk14c 343 385 504 504
bk15a 259 133 525 252
bk15b 140 0 259 336
bk16 623 385 742 511
bk17a 0 854 371 1036
bk17b 357 504 560 686
bk18 140 420 343 602
bk19 140 336 259 420
bk2 735 0 1029 133
bk20 371 686 553 1036
bk21 1029 0 1169 315
bk3 0 721 315 854
bk4 1029 315 1162 875
bk5a 595 0 735 133
bk5b 525 133 700 266
bk5c 560 511 693 742
bk6 693 763 1008 896
bk7 819 133 1001 231
bk8a 693 525 903 735
bk8b 903 385 1029 763
bk9a 175 602 357 721
bk9b 504 385 623 504
bk9c 259 266 616 385
bk9d 700 133 819 217
